Arguments: 
  /Users/xuyuan/.nvm/versions/node/v16.9.1/bin/node /Users/xuyuan/.yarn/bin/yarn.js init

PATH: 
  /Users/xuyuan/.yarn/bin:/Users/xuyuan/.config/yarn/global/node_modules/.bin:/Users/xuyuan/.nvm/versions/node/v16.9.1/bin:/Users/xuyuan/.cargo/bin:/usr/local/bin:/usr/bin:/bin:/usr/sbin:/sbin:/Applications/VMware Fusion.app/Contents/Public:/Library/Apple/usr/bin

Yarn version: 
  1.22.17

Node version: 
  16.9.1

Platform: 
  darwin x64

Trace: 
  Error: canceled
      at Interface.<anonymous> (/Users/xuyuan/.yarn/lib/cli.js:137143:13)
      at Interface.emit (node:events:394:28)
      at Interface._ttyWrite (node:readline:1081:16)
      at ReadStream.onkeypress (node:readline:288:10)
      at ReadStream.emit (node:events:394:28)
      at emitKeys (node:internal/readline/utils:358:14)
      at emitKeys.next (<anonymous>)
      at ReadStream.onData (node:internal/readline/emitKeypressEvents:61:36)
      at ReadStream.emit (node:events:394:28)
      at addChunk (node:internal/streams/readable:315:12)

npm manifest: 
  No manifest

yarn manifest: 
  No manifest

Lockfile: 
  No lockfile
